[    4965ms] [ERROR] Failed to load resource: the server responded with a status of 404 () @ https://web.archive.org/web/20250719054609/http://web.archive.org/screenshot/https://amandhesi.net/writing/why-i-took-a-sabbatical-and-why-you-should-consider-one/:0
[    8755ms] [ERROR] Failed to load resource: the server responded with a status of 404 () @ https://web.archive.org/web/20250719054531/https://platform.twitter.com/widgets/widget_iframe.2f70fb173b9000da126c79afe2098f02.html?origin=https%3A%2F%2Famandhesi.net:0
[    8916ms] [ERROR] [Portal] Failed to initialize: SyntaxError: Unexpected token 'H', "Hello World :-)" is not valid JSON @ https://web.archive.org/web/20250719054609js_/https://unpkg.com/@tryghost/portal@~1.6.0/umd/portal.min.js:10
[    9235ms] [LOG] donation-banner loaded {version: 1.1.1} @ https://archive.org/includes/build/js/archive.min.js?v=af5a8d06:400
[    9350ms] [ERROR] Failed to load resource: the server responded with a status of 404 () @ https://web.archive.org/favicon.ico:0
[   13608ms] [WARNING] The resource https://web.archive.org/web/20250719054609/https://fonts.googleapis.com/css2?family=Inter:wght@400;500;600;700&display=swap was preloaded using link preload but not used within a few seconds from the window's load event. Please make sure it has an appropriate `as` value and it is preloaded intentionally. @ https://web.archive.org/web/20250719054609/https://amandhesi.net/writing/why-i-took-a-sabbatical-and-why-you-should-consider-one/:0
[   17582ms] [ERROR] Failed to load resource: the server responded with a status of 404 () @ https://web.archive.org/web/20240724065111/http://web.archive.org/screenshot/https://www.amandhesi.net/writing/deferred-dreams/:0
[   20194ms] [ERROR] [Portal] Failed to initialize: SyntaxError: Unexpected token 'H', "Hello World :-)" is not valid JSON @ https://web.archive.org/web/20240724065111js_/https://unpkg.com/@tryghost/portal@~1.6.0/umd/portal.min.js:10
[   23088ms] [WARNING] The resource https://web.archive.org/web/20240724065111/https://fonts.googleapis.com/css2?family=Inter:wght@400;500;600;700&display=swap was preloaded using link preload but not used within a few seconds from the window's load event. Please make sure it has an appropriate `as` value and it is preloaded intentionally. @ https://web.archive.org/web/20240724065111/https://www.amandhesi.net/writing/deferred-dreams/:0
[   29646ms] [ERROR] Failed to load resource: the server responded with a status of 404 () @ https://web.archive.org/web/20240724064053/http://web.archive.org/screenshot/https://www.amandhesi.net/writing/freedom-isnt-free/:0
[   29973ms] [ERROR] [Portal] Failed to initialize: SyntaxError: Unexpected token 'H', "Hello World :-)" is not valid JSON @ https://web.archive.org/web/20240724064053js_/https://unpkg.com/@tryghost/portal@~1.6.0/umd/portal.min.js:10
[   33765ms] [WARNING] The resource https://web.archive.org/web/20240724064053/https://fonts.googleapis.com/css2?family=Inter:wght@400;500;600;700&display=swap was preloaded using link preload but not used within a few seconds from the window's load event. Please make sure it has an appropriate `as` value and it is preloaded intentionally. @ https://web.archive.org/web/20240724064053/https://www.amandhesi.net/writing/freedom-isnt-free/:0
[   34623ms] [ERROR] Failed to load resource: the server responded with a status of 404 () @ https://web.archive.org/web/20250806030128/http://web.archive.org/screenshot/https://amandhesi.net/writing/success-doing/:0
[   34893ms] [ERROR] Failed to load resource: the server responded with a status of 404 () @ https://web.archive.org/web/20250806030128im_/https://amandhesi.net/content/images/2021/06/tenor.gif:0
[   35867ms] [ERROR] [Portal] Failed to initialize: SyntaxError: Unexpected token 'H', "Hello World :-)" is not valid JSON @ https://web.archive.org/web/20250806030128js_/https://unpkg.com/@tryghost/portal@~1.6.0/umd/portal.min.js:10
[   40928ms] [WARNING] The resource https://web.archive.org/web/20250806030128/https://fonts.googleapis.com/css2?family=Inter:wght@400;500;600;700&display=swap was preloaded using link preload but not used within a few seconds from the window's load event. Please make sure it has an appropriate `as` value and it is preloaded intentionally. @ https://web.archive.org/web/20250806030128/https://amandhesi.net/writing/success-doing/:0
[   42247ms] [ERROR] Failed to load resource: the server responded with a status of 404 () @ https://web.archive.org/web/20250615142050/http://web.archive.org/screenshot/https://amandhesi.net/writing/my-guiding-principles/:0
[   46304ms] [ERROR] [Portal] Failed to initialize: SyntaxError: Unexpected token 'H', "Hello World :-)" is not valid JSON @ https://web.archive.org/web/20250615142050js_/https://unpkg.com/@tryghost/portal@~1.6.0/umd/portal.min.js:10
[   50057ms] [WARNING] The resource https://web.archive.org/web/20250615142050/https://fonts.googleapis.com/css2?family=Inter:wght@400;500;600;700&display=swap was preloaded using link preload but not used within a few seconds from the window's load event. Please make sure it has an appropriate `as` value and it is preloaded intentionally. @ https://web.archive.org/web/20250615142050/https://amandhesi.net/writing/my-guiding-principles/:0
[   51768ms] [ERROR] Failed to load resource: the server responded with a status of 404 () @ https://web.archive.org/web/20240811173321/http://web.archive.org/screenshot/https://amandhesi.net/writing/80-percent-is-good-enough/:0
[   57786ms] [ERROR] [Portal] Failed to initialize: SyntaxError: Unexpected token 'H', "Hello World :-)" is not valid JSON @ https://web.archive.org/web/20240811173321js_/https://unpkg.com/@tryghost/portal@~1.6.0/umd/portal.min.js:10
[   61540ms] [ERROR] Failed to load resource: the server responded with a status of 404 () @ https://web.archive.org/web/20240811130129/http://web.archive.org/screenshot/https://www.amandhesi.net/writing/focus-on-what-you-control/:0
[   61618ms] [ERROR] Failed to load resource: the server responded with a status of 404 () @ https://web.archive.org/web/20240811130129im_/https://amandhesi.net/content/images/2021/06/focus_1.png:0
[   62425ms] [ERROR] [Portal] Failed to initialize: SyntaxError: Unexpected token 'H', "Hello World :-)" is not valid JSON @ https://web.archive.org/web/20240811130129js_/https://unpkg.com/@tryghost/portal@~1.6.0/umd/portal.min.js:10
[   67062ms] [WARNING] The resource https://web.archive.org/web/20240811130129/https://fonts.googleapis.com/css2?family=Inter:wght@400;500;600;700&display=swap was preloaded using link preload but not used within a few seconds from the window's load event. Please make sure it has an appropriate `as` value and it is preloaded intentionally. @ https://web.archive.org/web/20240811130129/https://www.amandhesi.net/writing/focus-on-what-you-control/:0
